C:\Program Files\dotnet\sdk\9.0.304\Microsoft.Common.CurrentVersion.targets(5394,5): error MSB3027: Could not copy "c:\Users\ariba\OneDrive\Documenti\Software Projects\AI Projects\personal-os\personal-os\personal-os-devexpress\Prometheus\Prometheus\obj\Debug\net8.0-windows\apphost.exe" to "bin\Debug\net8.0-windows\Prometheus.exe". Exceeded retry count of 10. Failed. The file is locked by: "Prometheus (3172)" [c:\Users\ariba\OneDrive\Documenti\Software Projects\AI Projects\personal-os\personal-os\personal-os-devexpress\Prometheus\Prometheus\Prometheus.csproj]
C:\Program Files\dotnet\sdk\9.0.304\Microsoft.Common.CurrentVersion.targets(5394,5): error MSB3021: Unable to copy file "c:\Users\ariba\OneDrive\Documenti\Software Projects\AI Projects\personal-os\personal-os\personal-os-devexpress\Prometheus\Prometheus\obj\Debug\net8.0-windows\apphost.exe" to "bin\Debug\net8.0-windows\Prometheus.exe". The process cannot access the file 'c:\Users\ariba\OneDrive\Documenti\Software Projects\AI Projects\personal-os\personal-os\personal-os-devexpress\Prometheus\Prometheus\bin\Debug\net8.0-windows\Prometheus.exe' because it is being used by another process. [c:\Users\ariba\OneDrive\Documenti\Software Projects\AI Projects\personal-os\personal-os\personal-os-devexpress\Prometheus\Prometheus\Prometheus.csproj]

Build FAILED.
    37 Warning(s)
    2 Error(s)

Time Elapsed 00:00:13.25

Workload updates are available. Run `dotnet workload list` for more information.
